<?xml version="1.0" encoding="UTF-8"?>
<!-- Generated by org.testng.reporters.JUnitReportReporter -->
<testsuite hostname="vishnu-PC" name="cucumberTests.TestRunner" tests="1" failures="0" timestamp="9 Dec 2019 12:09:15 GMT" time="208.742" errors="0">
  <testcase name="feature" time="208.742" classname="cucumberTests.TestRunner"/>
</testsuite> <!-- cucumberTests.TestRunner -->
